{"C:\\Users\\Lenovo\\Desktop\\meetup\\src\\api.js": {"path":"C:\\Users\\Lenovo\\Desktop\\meetup\\src\\api.js","statementMap":{"0":{"start":{"line":14,"column":33},"end":{"line":18,"column":1}},"1":{"start":{"line":15,"column":25},"end":{"line":15,"column":62}},"2":{"start":{"line":15,"column":47},"end":{"line":15,"column":61}},"3":{"start":{"line":16,"column":18},"end":{"line":16,"column":48}},"4":{"start":{"line":17,"column":2},"end":{"line":17,"column":19}},"5":{"start":{"line":21,"column":18},"end":{"line":36,"column":1}},"6":{"start":{"line":22,"column":21},"end":{"line":22,"column":45}},"7":{"start":{"line":23,"column":27},"end":{"line":31,"column":28}},"8":{"start":{"line":29,"column":6},"end":{"line":29,"column":24}},"9":{"start":{"line":31,"column":22},"end":{"line":31,"column":27}},"10":{"start":{"line":33,"column":2},"end":{"line":33,"column":69}},"11":{"start":{"line":35,"column":2},"end":{"line":35,"column":22}},"12":{"start":{"line":39,"column":20},"end":{"line":47,"column":1}},"13":{"start":{"line":40,"column":17},"end":{"line":44,"column":35}},"14":{"start":{"line":43,"column":19},"end":{"line":43,"column":29}},"15":{"start":{"line":44,"column":22},"end":{"line":44,"column":34}},"16":{"start":{"line":46,"column":2},"end":{"line":46,"column":16}},"17":{"start":{"line":49,"column":30},"end":{"line":69,"column":1}},"18":{"start":{"line":50,"column":22},"end":{"line":50,"column":58}},"19":{"start":{"line":51,"column":21},"end":{"line":51,"column":67}},"20":{"start":{"line":53,"column":2},"end":{"line":66,"column":3}},"21":{"start":{"line":54,"column":4},"end":{"line":54,"column":50}},"22":{"start":{"line":55,"column":25},"end":{"line":55,"column":68}},"23":{"start":{"line":56,"column":17},"end":{"line":56,"column":47}},"24":{"start":{"line":57,"column":4},"end":{"line":64,"column":5}},"25":{"start":{"line":58,"column":22},"end":{"line":61,"column":7}},"26":{"start":{"line":62,"column":26},"end":{"line":62,"column":38}},"27":{"start":{"line":63,"column":6},"end":{"line":63,"column":46}},"28":{"start":{"line":65,"column":4},"end":{"line":65,"column":34}},"29":{"start":{"line":67,"column":2},"end":{"line":67,"column":21}},"30":{"start":{"line":71,"column":20},"end":{"line":83,"column":1}},"31":{"start":{"line":72,"column":2},"end":{"line":82,"column":3}},"32":{"start":{"line":74,"column":6},"end":{"line":77,"column":30}},"33":{"start":{"line":78,"column":4},"end":{"line":78,"column":45}},"34":{"start":{"line":80,"column":4},"end":{"line":80,"column":68}},"35":{"start":{"line":81,"column":4},"end":{"line":81,"column":45}},"36":{"start":{"line":85,"column":25},"end":{"line":107,"column":1}},"37":{"start":{"line":86,"column":2},"end":{"line":86,"column":20}},"38":{"start":{"line":88,"column":2},"end":{"line":91,"column":3}},"39":{"start":{"line":89,"column":4},"end":{"line":89,"column":21}},"40":{"start":{"line":90,"column":4},"end":{"line":90,"column":20}},"41":{"start":{"line":92,"column":16},"end":{"line":92,"column":38}},"42":{"start":{"line":93,"column":2},"end":{"line":106,"column":3}},"43":{"start":{"line":94,"column":4},"end":{"line":94,"column":18}},"44":{"start":{"line":95,"column":16},"end":{"line":97,"column":12}},"45":{"start":{"line":98,"column":19},"end":{"line":98,"column":39}},"46":{"start":{"line":99,"column":4},"end":{"line":103,"column":5}},"47":{"start":{"line":100,"column":22},"end":{"line":100,"column":58}},"48":{"start":{"line":101,"column":6},"end":{"line":101,"column":70}},"49":{"start":{"line":102,"column":6},"end":{"line":102,"column":67}},"50":{"start":{"line":104,"column":4},"end":{"line":104,"column":21}},"51":{"start":{"line":105,"column":4},"end":{"line":105,"column":30}}},"fnMap":{"0":{"name":"(anonymous_0)","decl":{"start":{"line":14,"column":33},"end":{"line":14,"column":34}},"loc":{"start":{"line":14,"column":45},"end":{"line":18,"column":1}},"line":14},"1":{"name":"(anonymous_1)","decl":{"start":{"line":15,"column":36},"end":{"line":15,"column":37}},"loc":{"start":{"line":15,"column":47},"end":{"line":15,"column":61}},"line":15},"2":{"name":"(anonymous_2)","decl":{"start":{"line":21,"column":18},"end":{"line":21,"column":19}},"loc":{"start":{"line":21,"column":34},"end":{"line":36,"column":1}},"line":21},"3":{"name":"(anonymous_3)","decl":{"start":{"line":28,"column":10},"end":{"line":28,"column":11}},"loc":{"start":{"line":28,"column":19},"end":{"line":30,"column":5}},"line":28},"4":{"name":"(anonymous_4)","decl":{"start":{"line":31,"column":11},"end":{"line":31,"column":12}},"loc":{"start":{"line":31,"column":22},"end":{"line":31,"column":27}},"line":31},"5":{"name":"(anonymous_5)","decl":{"start":{"line":39,"column":20},"end":{"line":39,"column":21}},"loc":{"start":{"line":39,"column":43},"end":{"line":47,"column":1}},"line":39},"6":{"name":"(anonymous_6)","decl":{"start":{"line":43,"column":10},"end":{"line":43,"column":11}},"loc":{"start":{"line":43,"column":19},"end":{"line":43,"column":29}},"line":43},"7":{"name":"(anonymous_7)","decl":{"start":{"line":44,"column":11},"end":{"line":44,"column":12}},"loc":{"start":{"line":44,"column":22},"end":{"line":44,"column":34}},"line":44},"8":{"name":"(anonymous_8)","decl":{"start":{"line":49,"column":30},"end":{"line":49,"column":31}},"loc":{"start":{"line":49,"column":42},"end":{"line":69,"column":1}},"line":49},"9":{"name":"(anonymous_9)","decl":{"start":{"line":71,"column":20},"end":{"line":71,"column":21}},"loc":{"start":{"line":71,"column":26},"end":{"line":83,"column":1}},"line":71},"10":{"name":"(anonymous_10)","decl":{"start":{"line":85,"column":25},"end":{"line":85,"column":26}},"loc":{"start":{"line":85,"column":37},"end":{"line":107,"column":1}},"line":85}},"branchMap":{"0":{"loc":{"start":{"line":33,"column":2},"end":{"line":33,"column":68}},"type":"binary-expr","locations":[{"start":{"line":33,"column":2},"end":{"line":33,"column":14}},{"start":{"line":33,"column":18},"end":{"line":33,"column":68}}],"line":33},"1":{"loc":{"start":{"line":51,"column":21},"end":{"line":51,"column":67}},"type":"binary-expr","locations":[{"start":{"line":51,"column":21},"end":{"line":51,"column":32}},{"start":{"line":51,"column":37},"end":{"line":51,"column":66}}],"line":51},"2":{"loc":{"start":{"line":53,"column":2},"end":{"line":66,"column":3}},"type":"if","locations":[{"start":{"line":53,"column":2},"end":{"line":66,"column":3}},{"start":{},"end":{}}],"line":53},"3":{"loc":{"start":{"line":53,"column":6},"end":{"line":53,"column":38}},"type":"binary-expr","locations":[{"start":{"line":53,"column":6},"end":{"line":53,"column":18}},{"start":{"line":53,"column":22},"end":{"line":53,"column":38}}],"line":53},"4":{"loc":{"start":{"line":57,"column":4},"end":{"line":64,"column":5}},"type":"if","locations":[{"start":{"line":57,"column":4},"end":{"line":64,"column":5}},{"start":{},"end":{}}],"line":57},"5":{"loc":{"start":{"line":65,"column":11},"end":{"line":65,"column":33}},"type":"binary-expr","locations":[{"start":{"line":65,"column":11},"end":{"line":65,"column":15}},{"start":{"line":65,"column":19},"end":{"line":65,"column":33}}],"line":65},"6":{"loc":{"start":{"line":72,"column":2},"end":{"line":82,"column":3}},"type":"if","locations":[{"start":{"line":72,"column":2},"end":{"line":82,"column":3}},{"start":{"line":79,"column":9},"end":{"line":82,"column":3}}],"line":72},"7":{"loc":{"start":{"line":72,"column":6},"end":{"line":72,"column":58}},"type":"binary-expr","locations":[{"start":{"line":72,"column":6},"end":{"line":72,"column":30}},{"start":{"line":72,"column":34},"end":{"line":72,"column":58}}],"line":72},"8":{"loc":{"start":{"line":88,"column":2},"end":{"line":91,"column":3}},"type":"if","locations":[{"start":{"line":88,"column":2},"end":{"line":91,"column":3}},{"start":{},"end":{}}],"line":88},"9":{"loc":{"start":{"line":93,"column":2},"end":{"line":106,"column":3}},"type":"if","locations":[{"start":{"line":93,"column":2},"end":{"line":106,"column":3}},{"start":{},"end":{}}],"line":93},"10":{"loc":{"start":{"line":99,"column":4},"end":{"line":103,"column":5}},"type":"if","locations":[{"start":{"line":99,"column":4},"end":{"line":103,"column":5}},{"start":{},"end":{}}],"line":99}},"s":{"0":2,"1":5,"2":15,"3":5,"4":5,"5":2,"6":0,"7":0,"8":0,"9":0,"10":0,"11":0,"12":2,"13":0,"14":0,"15":0,"16":0,"17":2,"18":0,"19":0,"20":0,"21":0,"22":0,"23":0,"24":0,"25":0,"26":0,"27":0,"28":0,"29":0,"30":2,"31":0,"32":0,"33":0,"34":0,"35":0,"36":2,"37":11,"38":11,"39":11,"40":11,"41":0,"42":0,"43":0,"44":0,"45":0,"46":0,"47":0,"48":0,"49":0,"50":0,"51":0},"f":{"0":5,"1":15,"2":0,"3":0,"4":0,"5":0,"6":0,"7":0,"8":0,"9":0,"10":11},"b":{"0":[0,0],"1":[0,0],"2":[0,0],"3":[0,0],"4":[0,0],"5":[0,0],"6":[0,0],"7":[0,0],"8":[11,0],"9":[0,0],"10":[0,0]},"_coverageSchema":"1a1c01bbd47fc00a2c39e90264f33305004495a9","hash":"453e5a26877f7ca73360b1205ebe2cd638dfe6ec"}
,"C:\\Users\\Lenovo\\Desktop\\meetup\\src\\index.js": {"path":"C:\\Users\\Lenovo\\Desktop\\meetup\\src\\index.js","statementMap":{"0":{"start":{"line":7,"column":13},"end":{"line":7,"column":65}},"1":{"start":{"line":8,"column":0},"end":{"line":12,"column":2}},"2":{"start":{"line":17,"column":0},"end":{"line":17,"column":18}}},"fnMap":{},"branchMap":{},"s":{"0":0,"1":0,"2":0},"f":{},"b":{}}
,"C:\\Users\\Lenovo\\Desktop\\meetup\\src\\mock-data.js": {"path":"C:\\Users\\Lenovo\\Desktop\\meetup\\src\\mock-data.js","statementMap":{"0":{"start":{"line":1,"column":13},"end":{"line":110,"column":1}}},"fnMap":{},"branchMap":{},"s":{"0":4},"f":{},"b":{},"_coverageSchema":"1a1c01bbd47fc00a2c39e90264f33305004495a9","hash":"716db9352df93d76c3188a762a10229fb9a0ca4e"}
,"C:\\Users\\Lenovo\\Desktop\\meetup\\src\\components\\App.js": {"path":"C:\\Users\\Lenovo\\Desktop\\meetup\\src\\components\\App.js","statementMap":{"0":{"start":{"line":10,"column":4},"end":{"line":10,"column":12}},"1":{"start":{"line":12,"column":4},"end":{"line":17,"column":5}},"2":{"start":{"line":21,"column":6},"end":{"line":21,"column":26}},"3":{"start":{"line":22,"column":6},"end":{"line":28,"column":9}},"4":{"start":{"line":23,"column":8},"end":{"line":27,"column":9}},"5":{"start":{"line":24,"column":10},"end":{"line":26,"column":51}},"6":{"start":{"line":32,"column":19},"end":{"line":46,"column":5}},"7":{"start":{"line":33,"column":6},"end":{"line":37,"column":7}},"8":{"start":{"line":34,"column":8},"end":{"line":34,"column":41}},"9":{"start":{"line":36,"column":8},"end":{"line":36,"column":47}},"10":{"start":{"line":38,"column":6},"end":{"line":45,"column":9}},"11":{"start":{"line":39,"column":31},"end":{"line":41,"column":63}},"12":{"start":{"line":41,"column":35},"end":{"line":41,"column":62}},"13":{"start":{"line":42,"column":8},"end":{"line":44,"column":11}},"14":{"start":{"line":49,"column":6},"end":{"line":49,"column":27}},"15":{"start":{"line":53,"column":4},"end":{"line":65,"column":6}}},"fnMap":{"0":{"name":"(anonymous_0)","decl":{"start":{"line":9,"column":2},"end":{"line":9,"column":3}},"loc":{"start":{"line":9,"column":16},"end":{"line":18,"column":5}},"line":9},"1":{"name":"(anonymous_1)","decl":{"start":{"line":20,"column":4},"end":{"line":20,"column":5}},"loc":{"start":{"line":20,"column":24},"end":{"line":29,"column":5}},"line":20},"2":{"name":"(anonymous_2)","decl":{"start":{"line":22,"column":23},"end":{"line":22,"column":24}},"loc":{"start":{"line":22,"column":35},"end":{"line":28,"column":7}},"line":22},"3":{"name":"(anonymous_3)","decl":{"start":{"line":32,"column":19},"end":{"line":32,"column":20}},"loc":{"start":{"line":32,"column":44},"end":{"line":46,"column":5}},"line":32},"4":{"name":"(anonymous_4)","decl":{"start":{"line":38,"column":23},"end":{"line":38,"column":24}},"loc":{"start":{"line":38,"column":35},"end":{"line":45,"column":7}},"line":38},"5":{"name":"(anonymous_5)","decl":{"start":{"line":41,"column":24},"end":{"line":41,"column":25}},"loc":{"start":{"line":41,"column":35},"end":{"line":41,"column":62}},"line":41},"6":{"name":"(anonymous_6)","decl":{"start":{"line":48,"column":4},"end":{"line":48,"column":5}},"loc":{"start":{"line":48,"column":26},"end":{"line":50,"column":5}},"line":48},"7":{"name":"(anonymous_7)","decl":{"start":{"line":52,"column":2},"end":{"line":52,"column":3}},"loc":{"start":{"line":52,"column":11},"end":{"line":66,"column":3}},"line":52}},"branchMap":{"0":{"loc":{"start":{"line":23,"column":8},"end":{"line":27,"column":9}},"type":"if","locations":[{"start":{"line":23,"column":8},"end":{"line":27,"column":9}},{"start":{},"end":{}}],"line":23},"1":{"loc":{"start":{"line":33,"column":6},"end":{"line":37,"column":7}},"type":"if","locations":[{"start":{"line":33,"column":6},"end":{"line":37,"column":7}},{"start":{"line":35,"column":11},"end":{"line":37,"column":7}}],"line":33},"2":{"loc":{"start":{"line":39,"column":31},"end":{"line":41,"column":63}},"type":"cond-expr","locations":[{"start":{"line":40,"column":10},"end":{"line":40,"column":16}},{"start":{"line":41,"column":10},"end":{"line":41,"column":63}}],"line":39},"3":{"loc":{"start":{"line":39,"column":32},"end":{"line":39,"column":76}},"type":"binary-expr","locations":[{"start":{"line":39,"column":32},"end":{"line":39,"column":50}},{"start":{"line":39,"column":54},"end":{"line":39,"column":76}}],"line":39}},"s":{"0":6,"1":6,"2":6,"3":6,"4":6,"5":3,"6":6,"7":3,"8":2,"9":1,"10":3,"11":3,"12":3,"13":3,"14":5,"15":13},"f":{"0":6,"1":6,"2":6,"3":3,"4":3,"5":3,"6":5,"7":13},"b":{"0":[3,3],"1":[2,1],"2":[2,1],"3":[3,2]},"_coverageSchema":"1a1c01bbd47fc00a2c39e90264f33305004495a9","hash":"1036ef7c69cbee08dcbaa922600f1a69f95838cb"}
,"C:\\Users\\Lenovo\\Desktop\\meetup\\src\\components\\CitySearch.js": {"path":"C:\\Users\\Lenovo\\Desktop\\meetup\\src\\components\\CitySearch.js","statementMap":{"0":{"start":{"line":5,"column":8},"end":{"line":5,"column":16}},"1":{"start":{"line":7,"column":8},"end":{"line":11,"column":9}},"2":{"start":{"line":14,"column":25},"end":{"line":23,"column":9}},"3":{"start":{"line":15,"column":22},"end":{"line":15,"column":40}},"4":{"start":{"line":16,"column":28},"end":{"line":18,"column":10}},"5":{"start":{"line":17,"column":12},"end":{"line":17,"column":76}},"6":{"start":{"line":19,"column":8},"end":{"line":22,"column":11}},"7":{"start":{"line":25,"column":24},"end":{"line":31,"column":9}},"8":{"start":{"line":26,"column":8},"end":{"line":29,"column":11}},"9":{"start":{"line":30,"column":8},"end":{"line":30,"column":44}},"10":{"start":{"line":34,"column":4},"end":{"line":58,"column":6}},"11":{"start":{"line":41,"column":25},"end":{"line":41,"column":65}},"12":{"start":{"line":48,"column":12},"end":{"line":51,"column":30}},"13":{"start":{"line":50,"column":27},"end":{"line":50,"column":61}},"14":{"start":{"line":53,"column":41},"end":{"line":53,"column":70}}},"fnMap":{"0":{"name":"(anonymous_0)","decl":{"start":{"line":4,"column":4},"end":{"line":4,"column":5}},"loc":{"start":{"line":4,"column":18},"end":{"line":12,"column":9}},"line":4},"1":{"name":"(anonymous_1)","decl":{"start":{"line":14,"column":25},"end":{"line":14,"column":26}},"loc":{"start":{"line":14,"column":36},"end":{"line":23,"column":9}},"line":14},"2":{"name":"(anonymous_2)","decl":{"start":{"line":16,"column":56},"end":{"line":16,"column":57}},"loc":{"start":{"line":16,"column":70},"end":{"line":18,"column":9}},"line":16},"3":{"name":"(anonymous_3)","decl":{"start":{"line":25,"column":24},"end":{"line":25,"column":25}},"loc":{"start":{"line":25,"column":40},"end":{"line":31,"column":9}},"line":25},"4":{"name":"(anonymous_4)","decl":{"start":{"line":33,"column":2},"end":{"line":33,"column":3}},"loc":{"start":{"line":33,"column":11},"end":{"line":59,"column":3}},"line":33},"5":{"name":"(anonymous_5)","decl":{"start":{"line":41,"column":17},"end":{"line":41,"column":18}},"loc":{"start":{"line":41,"column":23},"end":{"line":41,"column":67}},"line":41},"6":{"name":"(anonymous_6)","decl":{"start":{"line":47,"column":40},"end":{"line":47,"column":41}},"loc":{"start":{"line":48,"column":12},"end":{"line":51,"column":30}},"line":48},"7":{"name":"(anonymous_7)","decl":{"start":{"line":50,"column":21},"end":{"line":50,"column":22}},"loc":{"start":{"line":50,"column":27},"end":{"line":50,"column":61}},"line":50},"8":{"name":"(anonymous_8)","decl":{"start":{"line":53,"column":35},"end":{"line":53,"column":36}},"loc":{"start":{"line":53,"column":41},"end":{"line":53,"column":70}},"line":53}},"branchMap":{"0":{"loc":{"start":{"line":45,"column":15},"end":{"line":45,"column":67}},"type":"cond-expr","locations":[{"start":{"line":45,"column":44},"end":{"line":45,"column":46}},{"start":{"line":45,"column":48},"end":{"line":45,"column":67}}],"line":45}},"s":{"0":6,"1":6,"2":6,"3":2,"4":2,"5":4,"6":2,"7":6,"8":4,"9":4,"10":25,"11":1,"12":21,"13":2,"14":1},"f":{"0":6,"1":2,"2":4,"3":4,"4":25,"5":1,"6":21,"7":2,"8":1},"b":{"0":[1,24]},"_coverageSchema":"1a1c01bbd47fc00a2c39e90264f33305004495a9","hash":"af3e119cf81eb07c0812fd8b9a4450a0677562ff"}
,"C:\\Users\\Lenovo\\Desktop\\meetup\\src\\components\\Event.js": {"path":"C:\\Users\\Lenovo\\Desktop\\meetup\\src\\components\\Event.js","statementMap":{"0":{"start":{"line":7,"column":10},"end":{"line":7,"column":18}},"1":{"start":{"line":9,"column":10},"end":{"line":11,"column":11}},"2":{"start":{"line":15,"column":20},"end":{"line":15,"column":30}},"3":{"start":{"line":17,"column":4},"end":{"line":31,"column":6}},"4":{"start":{"line":22,"column":86},"end":{"line":22,"column":119}},"5":{"start":{"line":26,"column":62},"end":{"line":26,"column":96}}},"fnMap":{"0":{"name":"(anonymous_0)","decl":{"start":{"line":6,"column":5},"end":{"line":6,"column":6}},"loc":{"start":{"line":6,"column":19},"end":{"line":12,"column":11}},"line":6},"1":{"name":"(anonymous_1)","decl":{"start":{"line":14,"column":2},"end":{"line":14,"column":3}},"loc":{"start":{"line":14,"column":11},"end":{"line":32,"column":3}},"line":14},"2":{"name":"(anonymous_2)","decl":{"start":{"line":22,"column":82},"end":{"line":22,"column":83}},"loc":{"start":{"line":22,"column":86},"end":{"line":22,"column":119}},"line":22},"3":{"name":"(anonymous_3)","decl":{"start":{"line":26,"column":58},"end":{"line":26,"column":59}},"loc":{"start":{"line":26,"column":62},"end":{"line":26,"column":96}},"line":26}},"branchMap":{"0":{"loc":{"start":{"line":22,"column":11},"end":{"line":22,"column":154}},"type":"cond-expr","locations":[{"start":{"line":22,"column":36},"end":{"line":22,"column":142}},{"start":{"line":22,"column":143},"end":{"line":22,"column":154}}],"line":22},"1":{"loc":{"start":{"line":23,"column":11},"end":{"line":28,"column":18}},"type":"cond-expr","locations":[{"start":{"line":24,"column":10},"end":{"line":27,"column":16}},{"start":{"line":28,"column":11},"end":{"line":28,"column":18}}],"line":23}},"s":{"0":6,"1":6,"2":16,"3":16,"4":1,"5":1},"f":{"0":6,"1":16,"2":1,"3":1},"b":{"0":[14,2],"1":[2,14]},"_coverageSchema":"1a1c01bbd47fc00a2c39e90264f33305004495a9","hash":"a06cdf85e9ffd42cb775c063a0e2e72e1c2c84e6"}
,"C:\\Users\\Lenovo\\Desktop\\meetup\\src\\components\\EventList.js": {"path":"C:\\Users\\Lenovo\\Desktop\\meetup\\src\\components\\EventList.js","statementMap":{"0":{"start":{"line":6,"column":23},"end":{"line":6,"column":33}},"1":{"start":{"line":7,"column":4},"end":{"line":15,"column":6}},"2":{"start":{"line":10,"column":12},"end":{"line":12,"column":17}}},"fnMap":{"0":{"name":"(anonymous_0)","decl":{"start":{"line":5,"column":2},"end":{"line":5,"column":3}},"loc":{"start":{"line":5,"column":11},"end":{"line":16,"column":3}},"line":5},"1":{"name":"(anonymous_1)","decl":{"start":{"line":9,"column":25},"end":{"line":9,"column":26}},"loc":{"start":{"line":10,"column":12},"end":{"line":12,"column":17}},"line":10}},"branchMap":{},"s":{"0":12,"1":12,"2":14},"f":{"0":12,"1":14},"b":{},"_coverageSchema":"1a1c01bbd47fc00a2c39e90264f33305004495a9","hash":"838d712fd78d3882ecbe58a3be1f5ce7006e3fb8"}
,"C:\\Users\\Lenovo\\Desktop\\meetup\\src\\components\\NumberOfEvents.js": {"path":"C:\\Users\\Lenovo\\Desktop\\meetup\\src\\components\\NumberOfEvents.js","statementMap":{"0":{"start":{"line":6,"column":22},"end":{"line":9,"column":3}},"1":{"start":{"line":7,"column":18},"end":{"line":7,"column":36}},"2":{"start":{"line":8,"column":4},"end":{"line":8,"column":45}},"3":{"start":{"line":12,"column":24},"end":{"line":12,"column":34}},"4":{"start":{"line":13,"column":4},"end":{"line":23,"column":6}}},"fnMap":{"0":{"name":"(anonymous_0)","decl":{"start":{"line":6,"column":22},"end":{"line":6,"column":23}},"loc":{"start":{"line":6,"column":33},"end":{"line":9,"column":3}},"line":6},"1":{"name":"(anonymous_1)","decl":{"start":{"line":11,"column":2},"end":{"line":11,"column":3}},"loc":{"start":{"line":11,"column":11},"end":{"line":24,"column":3}},"line":11}},"branchMap":{},"s":{"0":6,"1":1,"2":1,"3":12,"4":12},"f":{"0":1,"1":12},"b":{},"_coverageSchema":"1a1c01bbd47fc00a2c39e90264f33305004495a9","hash":"54335c02d2a226dec32f5634959ff8f6830ab937"}
}
