TN:
SF:src\api.js
FN:14,(anonymous_0)
FN:15,(anonymous_1)
FN:21,(anonymous_2)
FN:28,(anonymous_3)
FN:31,(anonymous_4)
FN:39,(anonymous_5)
FN:43,(anonymous_6)
FN:44,(anonymous_7)
FN:49,(anonymous_8)
FN:71,(anonymous_9)
FN:85,(anonymous_10)
FNF:11
FNH:3
FNDA:5,(anonymous_0)
FNDA:15,(anonymous_1)
FNDA:0,(anonymous_2)
FNDA:0,(anonymous_3)
FNDA:0,(anonymous_4)
FNDA:0,(anonymous_5)
FNDA:0,(anonymous_6)
FNDA:0,(anonymous_7)
FNDA:0,(anonymous_8)
FNDA:0,(anonymous_9)
FNDA:11,(anonymous_10)
DA:14,2
DA:15,15
DA:16,5
DA:17,5
DA:21,2
DA:22,0
DA:23,0
DA:29,0
DA:31,0
DA:33,0
DA:35,0
DA:39,2
DA:40,0
DA:43,0
DA:44,0
DA:46,0
DA:49,2
DA:50,0
DA:51,0
DA:53,0
DA:54,0
DA:55,0
DA:56,0
DA:57,0
DA:58,0
DA:62,0
DA:63,0
DA:65,0
DA:67,0
DA:71,2
DA:72,0
DA:74,0
DA:78,0
DA:80,0
DA:81,0
DA:85,2
DA:86,11
DA:88,11
DA:89,11
DA:90,11
DA:92,0
DA:93,0
DA:94,0
DA:95,0
DA:98,0
DA:99,0
DA:100,0
DA:101,0
DA:102,0
DA:104,0
DA:105,0
LF:51
LH:13
BRDA:33,0,0,0
BRDA:33,0,1,0
BRDA:51,1,0,0
BRDA:51,1,1,0
BRDA:53,2,0,0
BRDA:53,2,1,0
BRDA:53,3,0,0
BRDA:53,3,1,0
BRDA:57,4,0,0
BRDA:57,4,1,0
BRDA:65,5,0,0
BRDA:65,5,1,0
BRDA:72,6,0,0
BRDA:72,6,1,0
BRDA:72,7,0,0
BRDA:72,7,1,0
BRDA:88,8,0,11
BRDA:88,8,1,0
BRDA:93,9,0,0
BRDA:93,9,1,0
BRDA:99,10,0,0
BRDA:99,10,1,0
BRF:22
BRH:1
end_of_record
TN:
SF:src\index.js
FNF:0
FNH:0
DA:7,0
DA:8,0
DA:17,0
LF:3
LH:0
BRF:0
BRH:0
end_of_record
TN:
SF:src\mock-data.js
FNF:0
FNH:0
DA:1,4
LF:1
LH:1
BRF:0
BRH:0
end_of_record
TN:
SF:src\components\App.js
FN:9,(anonymous_0)
FN:20,(anonymous_1)
FN:22,(anonymous_2)
FN:32,(anonymous_3)
FN:38,(anonymous_4)
FN:41,(anonymous_5)
FN:48,(anonymous_6)
FN:52,(anonymous_7)
FNF:8
FNH:8
FNDA:6,(anonymous_0)
FNDA:6,(anonymous_1)
FNDA:6,(anonymous_2)
FNDA:3,(anonymous_3)
FNDA:3,(anonymous_4)
FNDA:3,(anonymous_5)
FNDA:5,(anonymous_6)
FNDA:13,(anonymous_7)
DA:10,6
DA:12,6
DA:21,6
DA:22,6
DA:23,6
DA:24,3
DA:32,6
DA:33,3
DA:34,2
DA:36,1
DA:38,3
DA:39,3
DA:41,3
DA:42,3
DA:49,5
DA:53,13
LF:16
LH:16
BRDA:23,0,0,3
BRDA:23,0,1,3
BRDA:33,1,0,2
BRDA:33,1,1,1
BRDA:39,2,0,2
BRDA:39,2,1,1
BRDA:39,3,0,3
BRDA:39,3,1,2
BRF:8
BRH:8
end_of_record
TN:
SF:src\components\CitySearch.js
FN:4,(anonymous_0)
FN:14,(anonymous_1)
FN:16,(anonymous_2)
FN:25,(anonymous_3)
FN:33,(anonymous_4)
FN:41,(anonymous_5)
FN:47,(anonymous_6)
FN:50,(anonymous_7)
FN:53,(anonymous_8)
FNF:9
FNH:9
FNDA:6,(anonymous_0)
FNDA:2,(anonymous_1)
FNDA:4,(anonymous_2)
FNDA:4,(anonymous_3)
FNDA:25,(anonymous_4)
FNDA:1,(anonymous_5)
FNDA:21,(anonymous_6)
FNDA:2,(anonymous_7)
FNDA:1,(anonymous_8)
DA:5,6
DA:7,6
DA:14,6
DA:15,2
DA:16,2
DA:17,4
DA:19,2
DA:25,6
DA:26,4
DA:30,4
DA:34,25
DA:41,1
DA:48,21
DA:50,2
DA:53,1
LF:15
LH:15
BRDA:45,0,0,1
BRDA:45,0,1,24
BRF:2
BRH:2
end_of_record
TN:
SF:src\components\Event.js
FN:6,(anonymous_0)
FN:14,(anonymous_1)
FN:22,(anonymous_2)
FN:26,(anonymous_3)
FNF:4
FNH:4
FNDA:6,(anonymous_0)
FNDA:16,(anonymous_1)
FNDA:1,(anonymous_2)
FNDA:1,(anonymous_3)
DA:7,6
DA:9,6
DA:15,16
DA:17,16
DA:22,1
DA:26,1
LF:6
LH:6
BRDA:22,0,0,14
BRDA:22,0,1,2
BRDA:23,1,0,2
BRDA:23,1,1,14
BRF:4
BRH:4
end_of_record
TN:
SF:src\components\EventList.js
FN:5,(anonymous_0)
FN:9,(anonymous_1)
FNF:2
FNH:2
FNDA:12,(anonymous_0)
FNDA:14,(anonymous_1)
DA:6,12
DA:7,12
DA:10,14
LF:3
LH:3
BRF:0
BRH:0
end_of_record
TN:
SF:src\components\NumberOfEvents.js
FN:6,(anonymous_0)
FN:11,(anonymous_1)
FNF:2
FNH:2
FNDA:1,(anonymous_0)
FNDA:12,(anonymous_1)
DA:6,6
DA:7,1
DA:8,1
DA:12,12
DA:13,12
LF:5
LH:5
BRF:0
BRH:0
end_of_record
